<?xml version="1.0" encoding="UTF-8"?>
<!-- Generated by org.testng.reporters.JUnitReportReporter -->
<testsuite hostname="Mds-MacBook-Pro.fios-router.home" name="com.learnqaautomation.calculatortest.CalculatorTest" tests="2" failures="0" timestamp="4 May 2019 13:03:15 GMT" time="0.006" errors="0">
  <testcase name="addTest" time="0.006" classname="com.learnqaautomation.calculatortest.CalculatorTest"/>
  <testcase name="deductTest" time="0.000" classname="com.learnqaautomation.calculatortest.CalculatorTest"/>
</testsuite> <!-- com.learnqaautomation.calculatortest.CalculatorTest -->
