<?xml version="1.0" encoding="UTF-8"?>
<!-- Generated by org.testng.reporters.JUnitReportReporter -->
<testsuite hostname="Mds-MacBook-Pro.fios-router.home" name="com.learnqaautomation.calculatortest.ScientificCalculatorTest" tests="1" failures="0" timestamp="4 May 2019 13:03:15 GMT" time="0.001" errors="0">
  <testcase name="logTest" time="0.001" classname="com.learnqaautomation.calculatortest.ScientificCalculatorTest"/>
</testsuite> <!-- com.learnqaautomation.calculatortest.ScientificCalculatorTest -->
